<?xml version="1.0" encoding="UTF-8"?>
<!-- Generated by org.testng.reporters.JUnitXMLReporter -->
<testsuite ignored="0" hostname="Anwayas-MacBook-Pro.local" failures="1" tests="1" name="Test" time="22.848" errors="0" timestamp="2023-06-05T20:12:37 IST">
  <testcase classname="testCases.AccountRegistration" name="AcntReg" time="10.431">
    <failure type="java.lang.AssertionError" message="null">
      <![CDATA[java.lang.AssertionError: null
at testCases.AccountRegistration.AcntReg(AccountRegistration.java:56)
at java.base/java.util.ArrayList.forEach(ArrayList.java:1511)
... Removed 27 stack frames]]>
    </failure>
  </testcase> <!-- AcntReg -->
</testsuite> <!-- Test -->
